[framework] 2017-08-17 14:27:12,829 - com.exprotmeteexcel.dao.impl.BaseDbDaoI -0    [main] INFO  com.exprotmeteexcel.dao.impl.BaseDbDaoI  - ÷¥–– SQL£∫select * from information_schema.TABLES  
[framework] 2017-08-17 14:27:55,185 - com.exprotmeteexcel.dao.impl.BaseDbDaoI -42356 [main] ERROR com.exprotmeteexcel.dao.impl.BaseDbDaoI  - ¥ÌŒÛ–≈œ¢
com.gbase.jdbc.exceptions.jdbc4.GBaseNonTransientConnectionException: all hosts gone away:'[150.20.8.123, 150.20.8.116]'.
	at sun.reflect.NativeConstructorAccessorImpl.newInstance0(Native Method)
	at sun.reflect.NativeConstructorAccessorImpl.newInstance(NativeConstructorAccessorImpl.java:57)
	at sun.reflect.DelegatingConstructorAccessorImpl.newInstance(DelegatingConstructorAccessorImpl.java:45)
	at java.lang.reflect.Constructor.newInstance(Constructor.java:526)
	at com.gbase.jdbc.Util.handleNewInstance(Util.java:409)
	at com.gbase.jdbc.Util.getInstance(Util.java:384)
	at com.gbase.jdbc.SQLError.createSQLException(SQLError.java:1016)
	at com.gbase.jdbc.SQLError.createSQLException(SQLError.java:990)
	at com.gbase.jdbc.SQLError.createSQLException(SQLError.java:985)
	at com.gbase.jdbc.SQLError.createSQLException(SQLError.java:930)
	at com.gbase.jdbc.GcGBaseLoadBalanceConnection.createAllHostGoneAwayExecption(GcGBaseLoadBalanceConnection.java:44)
	at com.gbase.jdbc.GcGBaseLoadBalanceConnection.getHeighAvailLoadBalanceConnection(GcGBaseLoadBalanceConnection.java:56)
	at com.gbase.jdbc.GcGBaseLoadBalanceConnection.getGcLoadBanceConnection(GcGBaseLoadBalanceConnection.java:38)
	at com.gbase.jdbc.NonRegisteringDriver.connect(NonRegisteringDriver.java:329)
	at java.sql.DriverManager.getConnection(DriverManager.java:571)
	at java.sql.DriverManager.getConnection(DriverManager.java:215)
	at com.exprotmeteexcel.dao.impl.BaseDbDaoI.getConnection(BaseDbDaoI.java:68)
	at com.exprotmeteexcel.dao.impl.BaseDbDaoI.getDateForMap(BaseDbDaoI.java:568)
	at com.test.TestGbase.main(TestGbase.java:12)
